[08:11:19] [User Authenticator #5/INFO]: UUID of player SimpleAstronaut is 22cc5c36-b672-469f-b27d-2848aa6c52ec
[08:11:19] [Server thread/INFO]: SimpleAstronaut[/114.254.86.65:43144] logged in with entity id 12164 at ([world]66.54904514342371, 71.0, -239.73319615290848)
[08:11:52] [Server thread/INFO]: SimpleAstronaut issued server command: /gamemode creative
[08:11:52] [Server thread/INFO]: [SimpleAstronaut: Set own game mode to Creative Mode]
[08:14:21] [Server thread/INFO]: SimpleAstronaut issued server command: /time set day
[08:14:21] [Server thread/INFO]: [SimpleAstronaut: Set the time to 1000]
[08:18:12] [User Authenticator #6/INFO]: UUID of player keguai_yoy is 1324fd88-5525-4923-881b-7a3990d35f45
[08:18:12] [Server thread/INFO]: keguai_yoy[/114.250.138.88:17273] logged in with entity id 13386 at ([world]127.74225927789323, 89.0, -215.70485497964387)
[08:18:38] [Server thread/INFO]: keguai_yoy issued server command: /gamemode creative keguai_yoy
[08:18:38] [Server thread/INFO]: [keguai_yoy: Set own game mode to Creative Mode]
[08:18:41] [Async Chat Thread - #5/INFO]: <SimpleAstronaut> 创造
[08:19:38] [Async Chat Thread - #5/INFO]: <SimpleAstronaut> 怎么说
[08:19:45] [Async Chat Thread - #5/INFO]: <keguai_yoy> 我
[08:19:54] [Async Chat Thread - #5/INFO]: <keguai_yoy> 怎么掉帧那么严重
[08:20:07] [Async Chat Thread - #5/INFO]: <SimpleAstronaut> 艹？
[08:20:38] [Async Chat Thread - #5/INFO]: <SimpleAstronaut> 卧槽水真tm清澈
[08:20:58] [Async Chat Thread - #5/INFO]: <keguai_yoy> 还真是
[08:21:13] [Async Chat Thread - #5/INFO]: <keguai_yoy> 我这光影渲染和阴影开最低就流程了
[08:21:49] [Async Chat Thread - #5/INFO]: <SimpleAstronaut> 来我这吧
[08:22:03] [Async Chat Thread - #5/INFO]: <SimpleAstronaut> 传我
[08:22:11] [Server thread/INFO]: keguai_yoy issued server command: /tp SimpleAstronaut
[08:22:11] [Server thread/INFO]: [keguai_yoy: Teleported keguai_yoy to SimpleAstronaut]
[08:22:25] [Server thread/INFO]: SimpleAstronaut has made the advancement [Take Aim]
[08:22:30] [Async Chat Thread - #5/INFO]: <keguai_yoy> 这山不错，可以建家
[08:22:46] [Async Chat Thread - #5/INFO]: <SimpleAstronaut> 山腰搞个洞吧
[08:23:02] [Async Chat Thread - #5/INFO]: <SimpleAstronaut> 分别搞个建筑吧
[08:23:08] [Async Chat Thread - #5/INFO]: <keguai_yoy> 真生存服创造玩呗
[08:23:11] [Async Chat Thread - #5/INFO]: <SimpleAstronaut> 你造一个我造一个
[08:23:13] [Async Chat Thread - #5/INFO]: <SimpleAstronaut> 艹
[08:23:38] [Async Chat Thread - #5/INFO]: <SimpleAstronaut> 我整个tnt
[08:24:00] [Server thread/INFO]: SimpleAstronaut issued server command: /time set day
[08:24:00] [Server thread/INFO]: [SimpleAstronaut: Set the time to 1000]
[08:24:21] [Async Chat Thread - #5/INFO]: <keguai_yoy> 开挂玩家一样
[08:25:00] [Server thread/INFO]: SimpleAstronaut has made the advancement [Stone Age]
[08:25:36] [Async Chat Thread - #6/INFO]: <keguai_yoy> 你人呢
[08:25:49] [Async Chat Thread - #6/INFO]: <SimpleAstronaut> 我自己造一个（
[08:26:03] [Async Chat Thread - #6/INFO]: <SimpleAstronaut> 俩人造俩建筑
[08:26:17] [Async Chat Thread - #6/INFO]: <SimpleAstronaut> 让别人以为这服务器很繁华的样子（
[08:26:34] [Async Chat Thread - #6/INFO]: <keguai_yoy> 好家伙
[08:26:42] [Async Chat Thread - #6/INFO]: <keguai_yoy> 玩明白了
[08:30:19] [Async Chat Thread - #7/INFO]: <keguai_yoy> 太美好了
[08:30:25] [Async Chat Thread - #7/INFO]: <keguai_yoy> 这光影
[08:30:54] [Async Chat Thread - #7/INFO]: <SimpleAstronaut> 全是
[08:30:59] [Async Chat Thread - #7/INFO]: <SimpleAstronaut> 确实
[08:31:09] [Async Chat Thread - #7/INFO]: <keguai_yoy> 下雪了
[08:31:21] [Async Chat Thread - #7/INFO]: <SimpleAstronaut> 我这是雨夹雪
[08:31:30] [Async Chat Thread - #7/INFO]: <SimpleAstronaut> 卧槽下雨了效果真tm好看
[08:31:46] [Async Chat Thread - #7/INFO]: <keguai_yoy> 你光影还有雨的特效吗
[08:31:57] [Async Chat Thread - #7/INFO]: <SimpleAstronaut> 什么叫特效（》
[08:32:17] [Async Chat Thread - #7/INFO]: <SimpleAstronaut> 就是看远处风景真tm好看
[08:32:31] [Async Chat Thread - #7/INFO]: <keguai_yoy> 就是说，我光影的雨和雪都是原版
[08:32:48] [Async Chat Thread - #7/INFO]: <keguai_yoy> 那确实
[08:32:50] [Async Chat Thread - #7/INFO]: <SimpleAstronaut> 远处没有变灰效果?
[08:33:04] [Async Chat Thread - #7/INFO]: <keguai_yoy> 我这里也下雨了
[08:33:06] [Async Chat Thread - #7/INFO]: <SimpleAstronaut> 哦我这个雪是原版
[08:33:14] [Async Chat Thread - #7/INFO]: <SimpleAstronaut> 下雨有特效
[08:33:24] [Async Chat Thread - #7/INFO]: <SimpleAstronaut> 我发给你
[08:33:29] [Async Chat Thread - #7/INFO]: <keguai_yoy> 诶确我这个雨点有变化
[08:33:42] [Async Chat Thread - #7/INFO]: <keguai_yoy> 关键是我的天空的云很自然
[08:33:56] [Async Chat Thread - #7/INFO]: <SimpleAstronaut> 我这云还是原版
[08:34:01] [Server thread/INFO]: SimpleAstronaut issued server command: /time set day
[08:34:01] [Server thread/INFO]: [SimpleAstronaut: Set the time to 1000]
[08:42:42] [Async Chat Thread - #8/INFO]: <SimpleAstronaut> 我下课了,等我会(
[08:42:48] [Async Chat Thread - #8/INFO]: <SimpleAstronaut> 等我上课再说
[08:42:58] [Async Chat Thread - #8/INFO]: <SimpleAstronaut> 下节课政治
[08:43:05] [Async Chat Thread - #8/INFO]: <keguai_yoy> okok
[08:45:22] [Async Chat Thread - #9/INFO]: <SimpleAstronaut> 我回来了
[08:46:40] [Async Chat Thread - #10/INFO]: <keguai_yoy> 话说，咱房屋内饰也创造搞吗
[08:46:49] [Async Chat Thread - #10/INFO]: <SimpleAstronaut> 不然呢（？
[08:47:18] [Async Chat Thread - #10/INFO]: <keguai_yoy> 就景观房呗，彰显服务器的繁荣
[08:47:32] [Async Chat Thread - #10/INFO]: <keguai_yoy> 《繁荣》
[08:47:43] [Async Chat Thread - #10/INFO]: <SimpleAstronaut> 内饰也一块弄了吧
[08:57:05] [Async Chat Thread - #11/INFO]: <SimpleAstronaut> 卧槽可以啊
[08:57:12] [Async Chat Thread - #11/INFO]: <keguai_yoy> 好家伙
[08:57:31] [Async Chat Thread - #11/INFO]: <keguai_yoy> 就看着地方挺方便，就造了一个
[08:57:39] [Async Chat Thread - #11/INFO]: <SimpleAstronaut> 这么看来我间的太小了（
[08:57:49] [Async Chat Thread - #11/INFO]: <keguai_yoy> 啊？
[09:21:57] [Server thread/INFO]: keguai_yoy issued server command: /tp SimpleAstronaut
[09:21:57] [Server thread/INFO]: [keguai_yoy: Teleported keguai_yoy to SimpleAstronaut]
[09:21:57] [Server thread/WARN]: keguai_yoy moved too quickly! 35.04318421742782,-11.763264925969523,-41.71214793858533
[09:22:04] [Async Chat Thread - #12/INFO]: <keguai_yoy> wow
[09:22:34] [Async Chat Thread - #12/INFO]: <SimpleAstronaut> 欸嘿
[09:22:36] [Async Chat Thread - #12/INFO]: <keguai_yoy> 您谦虚了
[09:23:06] [Async Chat Thread - #12/INFO]: <SimpleAstronaut> 这有个洞
[09:23:08] [Async Chat Thread - #12/INFO]: <keguai_yoy> 这咋出去
[09:23:09] [Async Chat Thread - #12/INFO]: <SimpleAstronaut> 能上去
[09:23:24] [Async Chat Thread - #12/INFO]: <keguai_yoy> 擦
[09:23:28] [Async Chat Thread - #12/INFO]: <SimpleAstronaut> hhh
[09:23:47] [Async Chat Thread - #12/INFO]: <keguai_yoy> 可以啊这建的
[09:23:52] [Async Chat Thread - #12/INFO]: <SimpleAstronaut> 太累了
[09:24:02] [Async Chat Thread - #12/INFO]: <SimpleAstronaut> 尤其是铺地板和天花板
[09:25:47] [Async Chat Thread - #13/INFO]: <keguai_yoy> 你精致多了
[09:26:06] [Async Chat Thread - #13/INFO]: <SimpleAstronaut> 你那个大啊
[09:26:14] [Async Chat Thread - #13/INFO]: <keguai_yoy> 好家伙
[09:26:39] [Async Chat Thread - #13/INFO]: <SimpleAstronaut> 搞内饰了
[09:26:46] [Async Chat Thread - #13/INFO]: <keguai_yoy> 你这个有山景别墅的意味
[09:26:51] [Async Chat Thread - #13/INFO]: <SimpleAstronaut> (
[09:26:52] [Async Chat Thread - #13/INFO]: <keguai_yoy> 真挺不错的
[09:27:02] [Async Chat Thread - #13/INFO]: <keguai_yoy> 尤其是大落地窗
[09:30:27] [Async Chat Thread - #14/INFO]: <SimpleAstronaut> 下课了（
[09:30:31] [Async Chat Thread - #14/INFO]: <SimpleAstronaut> 等我会
[09:49:43] [Async Chat Thread - #15/INFO]: <SimpleAstronaut> 艹摸鱼被老师抓包了
[09:49:51] [Async Chat Thread - #15/INFO]: <keguai_yoy> 好家伙
[09:49:56] [Async Chat Thread - #15/INFO]: <keguai_yoy> 咋搞的
[09:50:03] [Async Chat Thread - #15/INFO]: <SimpleAstronaut> 老师提问来着
[09:50:09] [Async Chat Thread - #15/INFO]: <keguai_yoy> 草
[09:50:11] [Async Chat Thread - #15/INFO]: <SimpleAstronaut> 算了我说我网不好来着
[09:50:18] [Async Chat Thread - #15/INFO]: <keguai_yoy> 好家伙
[09:50:29] [Async Chat Thread - #15/INFO]: <SimpleAstronaut> 我发现了个问题
[09:50:37] [Async Chat Thread - #15/INFO]: <SimpleAstronaut> 我没造门
[09:50:53] [Async Chat Thread - #15/INFO]: <keguai_yoy> 你还知道啊
[09:53:58] [Async Chat Thread - #16/INFO]: <SimpleAstronaut> 们造好了
[09:54:04] [Server thread/INFO]: SimpleAstronaut issued server command: /
[09:54:10] [Async Chat Thread - #16/INFO]: <SimpleAstronaut> 传我来看看?
[09:54:22] [Server thread/INFO]: keguai_yoy issued server command: /tp SimpleAstronaut
[09:54:22] [Server thread/INFO]: [keguai_yoy: Teleported keguai_yoy to SimpleAstronaut]
[09:54:22] [Server thread/WARN]: keguai_yoy moved too quickly! -1.9912357915151375,5.0,-49.35762033168339
[09:54:28] [Async Chat Thread - #16/INFO]: <keguai_yoy> wc
[09:55:16] [Async Chat Thread - #16/INFO]: <keguai_yoy> 喔啊
[09:55:21] [Async Chat Thread - #16/INFO]: <keguai_yoy> 可以啊
[09:55:23] [Async Chat Thread - #16/INFO]: <SimpleAstronaut> 我去你那看看（
[09:55:35] [Async Chat Thread - #16/INFO]: <keguai_yoy> 我的那玩意的缺点就是风景不好
[09:55:52] [Async Chat Thread - #16/INFO]: <SimpleAstronaut> woc
[09:55:57] [Async Chat Thread - #16/INFO]: <SimpleAstronaut> 说实话
[09:56:02] [Async Chat Thread - #16/INFO]: <SimpleAstronaut> 你这有点像
[09:56:08] [Async Chat Thread - #16/INFO]: <SimpleAstronaut> (花果山
[09:56:12] [Async Chat Thread - #16/INFO]: <keguai_yoy> 好家伙
[09:56:15] [Async Chat Thread - #16/INFO]: <SimpleAstronaut> (捂脸
[09:56:21] [Async Chat Thread - #16/INFO]: <keguai_yoy> 猴
[09:56:44] [Async Chat Thread - #16/INFO]: <keguai_yoy> 这地形我还得修缮
[09:56:54] [Async Chat Thread - #16/INFO]: <SimpleAstronaut> yysy
[09:57:00] [Async Chat Thread - #16/INFO]: <SimpleAstronaut> 有点壮观啊
[09:57:25] [Async Chat Thread - #16/INFO]: <keguai_yoy> 关键我觉得就是，玻璃很多，但没有足够的高度来观景
[09:57:42] [Async Chat Thread - #16/INFO]: <SimpleAstronaut> 我这可以
[09:57:45] [Async Chat Thread - #16/INFO]: <SimpleAstronaut> 这个位置
[09:57:49] [Async Chat Thread - #16/INFO]: <keguai_yoy> 那确实
[09:58:38] [Async Chat Thread - #16/INFO]: <keguai_yoy> 我主要就是挖山造的单间多
[10:01:43] [Async Chat Thread - #17/INFO]: <SimpleAstronaut> 有了光影看啥都好看woc
[10:01:49] [Async Chat Thread - #17/INFO]: <keguai_yoy> 的确
[10:03:40] [Async Chat Thread - #18/INFO]: <SimpleAstronaut> 疯狂截图
[10:03:42] [Async Chat Thread - #18/INFO]: <SimpleAstronaut> 欸嘿
[10:04:08] [Async Chat Thread - #18/INFO]: <SimpleAstronaut> 溜了（
[10:04:25] [Async Chat Thread - #18/INFO]: <keguai_yoy> 好家伙
[10:04:26] [Async Chat Thread - #18/INFO]: <SimpleAstronaut> 过会我再回来（
[10:04:58] [Server thread/INFO]: SimpleAstronaut lost connection: Disconnected
[10:04:58] [Server thread/INFO]: SimpleAstronaut left the game
[10:09:58] [Server thread/INFO]: [Server] 后台呢
[10:12:20] [Server thread/INFO]: Saving the game (this may take a moment!)
[10:12:21] [Server thread/INFO]: Saved the game
[10:48:25] [Server thread/INFO]: [Server] OK到物理课了
[10:48:28] [Server thread/INFO]: [Server] 我来了
[10:48:40] [Async Chat Thread - #19/INFO]: <keguai_yoy> 你
[10:48:54] [Async Chat Thread - #19/INFO]: <keguai_yoy> tm物理课不上？
[10:49:28] [Server thread/INFO]: [Server] 物理都在复习
[10:49:32] [Server thread/INFO]: [Server] 没意思
[10:49:39] [Async Chat Thread - #19/INFO]: <keguai_yoy> 好吧
[10:49:58] [Server thread/INFO]: [Server] 欸嘿
[10:54:37] [User Authenticator #7/INFO]: UUID of player SimpleAstronaut is 22cc5c36-b672-469f-b27d-2848aa6c52ec
[10:54:37] [Server thread/INFO]: SimpleAstronaut[/114.254.86.65:50796] logged in with entity id 32394 at ([world]119.30000001192093, 96.68337831451106, -192.18878573031046)
[10:54:46] [Server thread/WARN]: SimpleAstronaut was kicked for floating too long!
[10:54:46] [Server thread/INFO]: SimpleAstronaut lost connection: Flying is not enabled on this server
[10:54:46] [Server thread/INFO]: SimpleAstronaut left the game
[10:54:46] [Server thread/WARN]: handleDisconnection() called twice
[10:54:50] [User Authenticator #8/INFO]: UUID of player SimpleAstronaut is 22cc5c36-b672-469f-b27d-2848aa6c52ec
[10:54:50] [Server thread/INFO]: SimpleAstronaut[/114.254.86.65:50824] logged in with entity id 32442 at ([world]119.30000001192093, 92.86057307263606, -192.18878573031046)
[10:54:57] [Server thread/INFO]: SimpleAstronaut issued server command: /gamemode creative
[10:54:57] [Server thread/INFO]: [SimpleAstronaut: Set own game mode to Creative Mode]
[10:55:11] [Server thread/INFO]: SimpleAstronaut issued server command: /tp SimpleAstronaut keguai_yoy
[10:55:11] [Server thread/INFO]: [SimpleAstronaut: Teleported SimpleAstronaut to keguai_yoy]
[10:55:11] [Server thread/WARN]: SimpleAstronaut moved too quickly! 8.223875035312076,-24.700572433868615,38.39769083710797
[10:55:17] [Async Chat Thread - #20/INFO]: <SimpleAstronaut> 可以啊
[10:55:52] [Async Chat Thread - #20/INFO]: <SimpleAstronaut> 艹结构挺复杂
[10:59:43] [Async Chat Thread - #21/INFO]: <SimpleAstronaut> 艹这阳光
[10:59:49] [Async Chat Thread - #21/INFO]: <SimpleAstronaut> 我已经开始热了
[11:00:39] [Server thread/INFO]: SimpleAstronaut issued server command: /weather
[11:00:46] [Server thread/INFO]: SimpleAstronaut issued server command: /weather thunder
[11:00:46] [Server thread/INFO]: [SimpleAstronaut: Set the weather to rain & thunder]
[11:02:30] [Async Chat Thread - #22/INFO]: <keguai_yoy> 好家伙
[11:02:43] [Async Chat Thread - #22/INFO]: <SimpleAstronaut> 这氛围真tm好
[11:17:03] [Async Chat Thread - #23/INFO]: <SimpleAstronaut> 搞了个阳台
[11:17:07] [Async Chat Thread - #23/INFO]: <SimpleAstronaut> 来看看（？
[11:17:17] [Async Chat Thread - #23/INFO]: <keguai_yoy> 行
[11:17:48] [Async Chat Thread - #23/INFO]: <SimpleAstronaut> 我擦你都快挖那么深了？
[11:19:20] [Server thread/INFO]: SimpleAstronaut issued server command: /tp SimpleAstronaut keguai_yoy
[11:19:20] [Server thread/INFO]: [SimpleAstronaut: Teleported SimpleAstronaut to keguai_yoy]
[11:19:50] [Async Chat Thread - #24/INFO]: <SimpleAstronaut> hhh再往上都快到我那里了吧
[11:20:03] [Async Chat Thread - #24/INFO]: <SimpleAstronaut> woc
[11:20:17] [Async Chat Thread - #24/INFO]: <keguai_yoy> 好家伙
[11:20:33] [Async Chat Thread - #24/INFO]: <keguai_yoy> 我根本不知道我建到哪里了
[11:20:37] [Async Chat Thread - #24/INFO]: <SimpleAstronaut> 艹
[11:20:51] [Async Chat Thread - #24/INFO]: <SimpleAstronaut> 怎么还有蜘蛛声音啊
[11:20:58] [Async Chat Thread - #24/INFO]: <SimpleAstronaut> 旁边是不是有洞穴啊
[11:21:01] [Async Chat Thread - #24/INFO]: <keguai_yoy> 不知道诶
[11:21:06] [Async Chat Thread - #24/INFO]: <keguai_yoy> 有可能
[11:23:47] [Async Chat Thread - #25/INFO]: <SimpleAstronaut> 艹你家真nm大
[11:23:52] [Async Chat Thread - #25/INFO]: <SimpleAstronaut> 怎么下去啊
[11:24:20] [Async Chat Thread - #25/INFO]: <SimpleAstronaut> 哦艹这有门
[11:26:03] [Async Chat Thread - #26/INFO]: <keguai_yoy> 嚯
[11:26:09] [Async Chat Thread - #26/INFO]: <keguai_yoy> 有点意思
[11:26:13] [Server thread/INFO]: SimpleAstronaut issued server command: /time set day
[11:26:13] [Server thread/INFO]: [SimpleAstronaut: Set the time to 1000]
[11:26:37] [Async Chat Thread - #26/INFO]: <keguai_yoy> 咱生存还用玩吗
[11:26:41] [Async Chat Thread - #26/INFO]: <SimpleAstronaut> 艹
[11:26:56] [Async Chat Thread - #26/INFO]: <SimpleAstronaut> 就随便玩吧（
[11:27:01] [Async Chat Thread - #26/INFO]: <keguai_yoy> 这已经破解版了
[11:27:12] [Server thread/INFO]: SimpleAstronaut issued server command: /save-all
[11:27:12] [Server thread/INFO]: [SimpleAstronaut: Saved the game]
[11:27:33] [Async Chat Thread - #26/INFO]: <SimpleAstronaut> 艹
[11:27:46] [Server thread/INFO]: keguai_yoy has completed the challenge [Cover Me in Debris]
[11:28:15] [Server thread/INFO]: SimpleAstronaut has completed the challenge [Cover Me in Debris]
[11:28:49] [Server thread/INFO]: SimpleAstronaut has reached the goal [Sky's the Limit]
[11:28:51] [Async Chat Thread - #27/INFO]: <keguai_yoy> 那咱们就来简单生存一下吧
[11:29:07] [Async Chat Thread - #27/INFO]: <keguai_yoy> 诶嘿嘿嘿
[11:30:45] [Async Chat Thread - #28/INFO]: <SimpleAstronaut> 艹地理课呗抓包了
[11:30:55] [Async Chat Thread - #28/INFO]: <keguai_yoy> 好家伙
[11:31:21] [Async Chat Thread - #28/INFO]: <SimpleAstronaut> 等一下啊（
[11:33:40] [Async Chat Thread - #29/INFO]: <SimpleAstronaut> 回来了
[11:33:45] [Async Chat Thread - #29/INFO]: <SimpleAstronaut> 地理太简单
[11:33:55] [Async Chat Thread - #29/INFO]: <SimpleAstronaut> 上课划水都能回答上来
[11:34:09] [Async Chat Thread - #29/INFO]: <SimpleAstronaut> 等我整点装备然后生存（
[11:42:03] [Server thread/INFO]: SimpleAstronaut issued server command: /tp SimpleAstronaut keguai_yoy
[11:42:03] [Server thread/INFO]: [SimpleAstronaut: Teleported SimpleAstronaut to keguai_yoy]
[11:42:37] [Server thread/INFO]: SimpleAstronaut issued server command: /time set day
[11:42:37] [Server thread/INFO]: [SimpleAstronaut: Set the time to 1000]
[11:42:45] [Async Chat Thread - #30/INFO]: <SimpleAstronaut> 艹你也在附魔
[11:43:49] [Async Chat Thread - #31/INFO]: <keguai_yoy> 好的，那么我刚才简单的附魔了一下
[11:43:58] [Async Chat Thread - #31/INFO]: <keguai_yoy> 《简单》
[11:44:52] [Async Chat Thread - #31/INFO]: <keguai_yoy> 咱生存以后你的家就是咱俩的家，我那个家，一边生存一边建吧
[11:45:11] [Async Chat Thread - #31/INFO]: <keguai_yoy> 有点大，存东西麻烦
[11:45:21] [Async Chat Thread - #31/INFO]: <SimpleAstronaut> 我先给我装备整个附魔
[11:45:40] [Async Chat Thread - #31/INFO]: <keguai_yoy> 我盔甲没附魔，有点麻烦
[11:49:46] [Async Chat Thread - #32/INFO]: <SimpleAstronaut> 行了，算是半套附魔了
[11:49:52] [Async Chat Thread - #32/INFO]: <SimpleAstronaut> 实在懒得全附魔了
[11:49:54] [Async Chat Thread - #32/INFO]: <keguai_yoy> 稍等我一下
[11:50:29] [Async Chat Thread - #32/INFO]: <SimpleAstronaut> 我先下去
[11:52:12] [Server thread/INFO]: SimpleAstronaut issued server command: /give SimpleAstronaut golden_apple 128
[11:52:12] [Server thread/INFO]: [SimpleAstronaut: Gave 128 [Golden Apple] to SimpleAstronaut]
[11:53:07] [Server thread/INFO]: SimpleAstronaut issued server command: /give SimpleAstronaut wooden_axe 16
[11:53:07] [Server thread/INFO]: [SimpleAstronaut: Gave 16 [Wooden Axe] to SimpleAstronaut]
[11:53:20] [Server thread/INFO]: keguai_yoy issued server command: /tp SimpleAstronaut
[11:53:20] [Server thread/INFO]: [keguai_yoy: Teleported keguai_yoy to SimpleAstronaut]
[11:53:20] [Server thread/WARN]: keguai_yoy moved too quickly! 24.197159234085106,-1.4730066745867418,-27.10483396878675
[11:53:27] [Async Chat Thread - #33/INFO]: <SimpleAstronaut> 放个东西
[11:53:30] [Async Chat Thread - #33/INFO]: <keguai_yoy> 我
[11:53:34] [Async Chat Thread - #33/INFO]: <keguai_yoy> ok
[11:53:38] [Async Chat Thread - #33/INFO]: <keguai_yoy> 了
[11:54:05] [Server thread/INFO]: SimpleAstronaut issued server command: /time set day
[11:54:05] [Server thread/INFO]: [SimpleAstronaut: Set the time to 1000]
[11:54:05] [Async Chat Thread - #33/INFO]: <keguai_yoy> 但是我很菜昂
[11:56:50] [Server thread/INFO]: SimpleAstronaut issued server command: /tp SimpleAstronaut keguai_yoy
[11:56:50] [Server thread/INFO]: [SimpleAstronaut: Teleported SimpleAstronaut to keguai_yoy]
[11:56:50] [Server thread/WARN]: SimpleAstronaut moved too quickly! 5.388138890992693,1.0625,-11.586849115754632
[11:57:35] [Server thread/INFO]: SimpleAstronaut issued server command: /give SimpleAstronaut minecraft:iron_block 64
[11:57:35] [Server thread/INFO]: [SimpleAstronaut: Gave 64 [Block of Iron] to SimpleAstronaut]
[11:57:57] [Async Chat Thread - #34/INFO]: <keguai_yoy> 等我一下
[11:58:01] [Async Chat Thread - #34/INFO]: <keguai_yoy> 我妈叫我
[11:58:10] [Async Chat Thread - #34/INFO]: <SimpleAstronaut> 艹下午再说吧
[11:58:14] [Async Chat Thread - #34/INFO]: <SimpleAstronaut> 待会下课了
[12:02:03] [Server thread/INFO]: SimpleAstronaut lost connection: Disconnected
[12:02:03] [Server thread/INFO]: SimpleAstronaut left the game
[13:11:10] [Server thread/INFO]: keguai_yoy has made the advancement [Sweet Dreams]
[13:16:24] [Server thread/INFO]: keguai_yoy has made the advancement [Stone Age]
[13:36:29] [Server thread/INFO]: keguai_yoy lost connection: Timed out
[13:36:29] [Server thread/INFO]: keguai_yoy left the game
[13:41:07] [Server thread/INFO]: Set the time to 1000
[13:43:49] [User Authenticator #9/INFO]: UUID of player SimpleAstronaut is 22cc5c36-b672-469f-b27d-2848aa6c52ec
[13:43:49] [Server thread/INFO]: SimpleAstronaut[/114.254.86.65:57959] logged in with entity id 49439 at ([world]121.7208682534567, 102.23720383515423, -230.70312288456662)
[13:48:51] [User Authenticator #10/INFO]: UUID of player keguai_yoy is 1324fd88-5525-4923-881b-7a3990d35f45
[13:48:51] [Server thread/INFO]: keguai_yoy[/114.250.138.88:17228] logged in with entity id 50195 at ([world]108.32198151353629, 97.0, -153.66688246337242)
[13:48:58] [Server thread/INFO]: SimpleAstronaut issued server command: /gamemode creative
[13:48:58] [Server thread/INFO]: [SimpleAstronaut: Set own game mode to Creative Mode]
[13:49:07] [Server thread/INFO]: keguai_yoy issued server command: /gamemode creative keguai_yoy
[13:49:07] [Server thread/INFO]: [keguai_yoy: Set own game mode to Creative Mode]
[13:49:12] [Async Chat Thread - #35/INFO]: <SimpleAstronaut> 艹
[13:49:17] [Async Chat Thread - #35/INFO]: <SimpleAstronaut> 来了?
[13:49:25] [Async Chat Thread - #35/INFO]: <keguai_yoy> 来了
[13:49:38] [Async Chat Thread - #35/INFO]: <SimpleAstronaut> 我这个角度
[13:49:43] [Async Chat Thread - #35/INFO]: <SimpleAstronaut> 你家真nm壮观
[13:50:02] [Server thread/INFO]: SimpleAstronaut issued server command: /time set day
[13:50:02] [Server thread/INFO]: [SimpleAstronaut: Set the time to 1000]
[13:50:51] [Server thread/INFO]: SimpleAstronaut issued server command: /tp SimpleAstronaut keguai_yoy
[13:50:51] [Server thread/INFO]: [SimpleAstronaut: Teleported SimpleAstronaut to keguai_yoy]
[13:50:51] [Server thread/WARN]: SimpleAstronaut moved too quickly! -25.98029470797762,-3.7584330612161807,44.80679193488868
[13:51:05] [Async Chat Thread - #36/INFO]: <keguai_yoy> 这里是主卧
[13:51:12] [Async Chat Thread - #36/INFO]: <SimpleAstronaut> 里面放个海晶灯效果好点（
[13:51:17] [Async Chat Thread - #36/INFO]: <SimpleAstronaut> 有点暗说实话
[13:51:56] [Async Chat Thread - #36/INFO]: <keguai_yoy> 我不用海晶的原因是风格不同
[13:52:03] [Async Chat Thread - #36/INFO]: <SimpleAstronaut> 趋势
[13:52:09] [Async Chat Thread - #36/INFO]: <SimpleAstronaut> 确实
[13:52:12] [Async Chat Thread - #36/INFO]: <keguai_yoy> 这建筑主要是自然的暖色调
[13:52:26] [Async Chat Thread - #36/INFO]: <SimpleAstronaut> 卧槽
[13:52:36] [Async Chat Thread - #36/INFO]: <keguai_yoy> 借鉴
[13:52:37] [Async Chat Thread - #36/INFO]: <SimpleAstronaut> 可以啊
[13:53:00] [Async Chat Thread - #36/INFO]: <keguai_yoy> 我里边准备弄2个房间左右
[13:53:11] [Async Chat Thread - #36/INFO]: <keguai_yoy> 再弄两个
[13:53:26] [Async Chat Thread - #36/INFO]: <SimpleAstronaut> 你家这有点大啊
[13:53:35] [Async Chat Thread - #36/INFO]: <SimpleAstronaut> 壮观
[13:53:37] [Async Chat Thread - #36/INFO]: <keguai_yoy> 那确实
[13:53:47] [Async Chat Thread - #36/INFO]: <SimpleAstronaut> 等待会阳光招进来
[13:53:50] [Async Chat Thread - #36/INFO]: <SimpleAstronaut> 看看效果
[13:53:51] [Async Chat Thread - #36/INFO]: <keguai_yoy> 但光照始终是个问题
[13:54:09] [Async Chat Thread - #36/INFO]: <SimpleAstronaut> 你这应该是朝西的
[13:54:23] [Async Chat Thread - #36/INFO]: <SimpleAstronaut> 待会抬眼就过来了
[13:54:27] [Async Chat Thread - #36/INFO]: <keguai_yoy> 为了保持尽可能自然的过渡，就不能把荧石放在外边
[13:54:47] [Async Chat Thread - #36/INFO]: <keguai_yoy> zbc
[13:54:55] [Async Chat Thread - #36/INFO]: <SimpleAstronaut> ？（
[13:57:35] [Async Chat Thread - #37/INFO]: <SimpleAstronaut> 现在角度好
[13:57:35] [Server thread/INFO]: keguai_yoy issued server command: /weather thunder
[13:57:35] [Server thread/INFO]: [keguai_yoy: Set the weather to rain & thunder]
[13:57:45] [Async Chat Thread - #37/INFO]: <SimpleAstronaut> 艹
[13:57:50] [Async Chat Thread - #37/INFO]: <SimpleAstronaut> 引雷?
[13:58:01] [Async Chat Thread - #37/INFO]: <keguai_yoy> 对
[13:58:10] [Async Chat Thread - #37/INFO]: <SimpleAstronaut> 你家里云雾缭绕的
[13:58:20] [Async Chat Thread - #37/INFO]: <SimpleAstronaut> 大厅里
[13:58:49] [Async Chat Thread - #37/INFO]: <keguai_yoy> 你的光影问题吧，我的光好好的
[13:59:00] [Async Chat Thread - #37/INFO]: <SimpleAstronaut> 应该是吧（
[14:00:15] [Async Chat Thread - #38/INFO]: <keguai_yoy> 这地方虫子？
[14:00:22] [Async Chat Thread - #38/INFO]: <SimpleAstronaut> 魔影满
[14:00:31] [Async Chat Thread - #38/INFO]: <SimpleAstronaut> 我仍珍珠出来的
[14:00:36] [Async Chat Thread - #38/INFO]: <SimpleAstronaut> 捂脸
[14:00:36] [Async Chat Thread - #38/INFO]: <keguai_yoy> 好家伙
[14:02:19] [Server thread/INFO]: keguai_yoy has made the advancement [A Throwaway Joke]
[14:02:22] [Async Chat Thread - #39/INFO]: <SimpleAstronaut> ？
[14:02:26] [Async Chat Thread - #39/INFO]: <SimpleAstronaut> 这是啥
[14:02:33] [Async Chat Thread - #39/INFO]: <keguai_yoy> 引雷了
[14:02:38] [Async Chat Thread - #39/INFO]: <SimpleAstronaut> 艹
[14:02:43] [Async Chat Thread - #39/INFO]: <SimpleAstronaut> 神tm抖包袱
[14:02:54] [Async Chat Thread - #39/INFO]: <keguai_yoy> woc
[14:03:03] [Async Chat Thread - #39/INFO]: <keguai_yoy> 我这里一堆骷髅骑士
[14:03:14] [Server thread/INFO]: SimpleAstronaut issued server command: /tp SimpleAstronaut keguai_yoy
[14:03:14] [Server thread/INFO]: [SimpleAstronaut: Teleported SimpleAstronaut to keguai_yoy]
[14:03:28] [Server thread/INFO]: keguai_yoy issued server command: /weather thunder
[14:03:28] [Server thread/INFO]: [keguai_yoy: Set the weather to rain & thunder]
[14:04:04] [Async Chat Thread - #40/INFO]: <SimpleAstronaut> woc
[14:04:07] [Async Chat Thread - #40/INFO]: <SimpleAstronaut> 看山上
[14:04:20] [Async Chat Thread - #40/INFO]: <SimpleAstronaut> 真nm好看
[14:04:21] [Async Chat Thread - #40/INFO]: <keguai_yoy> 喔，壮观
[14:04:35] [Async Chat Thread - #40/INFO]: <keguai_yoy> 这服务器果然繁华
[14:05:07] [Async Chat Thread - #40/INFO]: <SimpleAstronaut> 艹
[14:05:39] [Server thread/INFO]: keguai_yoy has made the advancement [Take Aim]
[14:05:49] [Async Chat Thread - #40/INFO]: <SimpleAstronaut> 你刚用弓箭？
[14:05:52] [Async Chat Thread - #40/INFO]: <keguai_yoy> 对
[14:06:15] [Async Chat Thread - #40/INFO]: <keguai_yoy> 我还给自己的装备都起了名字
[14:06:18] [Async Chat Thread - #40/INFO]: <SimpleAstronaut> 艹
[14:06:56] [Server thread/INFO]: keguai_yoy has made the advancement [Ol' Betsy]
[14:07:12] [Async Chat Thread - #40/INFO]: <SimpleAstronaut> 这是啥
[14:07:18] [Async Chat Thread - #40/INFO]: <SimpleAstronaut> 哦操
[14:07:26] [Async Chat Thread - #40/INFO]: <SimpleAstronaut> 草看到了
[14:07:32] [Async Chat Thread - #40/INFO]: <keguai_yoy> 抱歉
[14:07:34] [Async Chat Thread - #40/INFO]: <SimpleAstronaut> ?
[14:07:50] [Async Chat Thread - #40/INFO]: <SimpleAstronaut> 这还能碎玻璃?
[14:08:16] [Async Chat Thread - #40/INFO]: <keguai_yoy> 不能，是不小心打碎的
[14:08:20] [Async Chat Thread - #40/INFO]: <SimpleAstronaut> 草
[14:08:22] [Async Chat Thread - #40/INFO]: <keguai_yoy> 哈哈哈
[14:08:51] [Async Chat Thread - #40/INFO]: <keguai_yoy> 光灵箭
[14:09:48] [Server thread/INFO]: SimpleAstronaut issued server command: /difficulty hard
[14:09:48] [Server thread/INFO]: [SimpleAstronaut: The difficulty has been set to Hard]
[14:09:55] [Server thread/INFO]: SimpleAstronaut issued server command: /time set night
[14:09:55] [Server thread/INFO]: [SimpleAstronaut: Set the time to 13000]
[14:10:07] [Server thread/INFO]: SimpleAstronaut issued server command: /effect give SimpleAstronaut minecraft:night_vision
[14:10:07] [Server thread/INFO]: [SimpleAstronaut: Applied effect Night Vision to SimpleAstronaut]
[14:10:18] [Async Chat Thread - #41/INFO]: <SimpleAstronaut> 草我这个光影没有夜视
[14:10:33] [Async Chat Thread - #41/INFO]: <keguai_yoy> 好家伙，
[14:10:40] [Server thread/INFO]: SimpleAstronaut issued server command: /effect clear SimpleAstronaut
[14:11:01] [Async Chat Thread - #41/INFO]: <keguai_yoy> 我手上这把剑叫修罗（中二晚期）
[14:11:19] [Async Chat Thread - #41/INFO]: <SimpleAstronaut> 艹
[14:11:21] [Server thread/INFO]: keguai_yoy issued server command: /tp SimpleAstronaut
[14:11:21] [Server thread/INFO]: [keguai_yoy: Teleported keguai_yoy to SimpleAstronaut]
[14:13:05] [Async Chat Thread - #42/INFO]: <keguai_yoy> 把我这剑扔你看看
[14:13:11] [Async Chat Thread - #42/INFO]: <keguai_yoy> 一会还我
[14:13:27] [Async Chat Thread - #42/INFO]: <keguai_yoy> hhhhhhh
[14:13:30] [Async Chat Thread - #42/INFO]: <SimpleAstronaut> nb
[14:14:13] [Async Chat Thread - #42/INFO]: <keguai_yoy> 本来应该可以指令附魔
[14:14:35] [Server thread/INFO]: keguai_yoy issued server command: /give keguai_yoy minecraft:command_block
[14:14:35] [Server thread/INFO]: [keguai_yoy: Gave 1 [Command Block] to keguai_yoy]
[14:14:51] [Server thread/INFO]: SimpleAstronaut issued server command: /time set day
[14:14:51] [Server thread/INFO]: [SimpleAstronaut: Set the time to 1000]
[14:15:06] [Async Chat Thread - #42/INFO]: <SimpleAstronaut> 应该是禁止使用命令方块来着
[14:15:12] [Async Chat Thread - #42/INFO]: <SimpleAstronaut> 忘了咋设置的来着
[14:15:18] [Async Chat Thread - #42/INFO]: <SimpleAstronaut> 怕有挂壁
[14:16:33] [Async Chat Thread - #43/INFO]: <SimpleAstronaut> 我去跑一跑图
[14:16:39] [Async Chat Thread - #43/INFO]: <SimpleAstronaut> 看看这底图里有啥
[14:16:47] [Server thread/INFO]: SimpleAstronaut issued server command: /tps
[14:20:02] [Async Chat Thread - #44/INFO]: <SimpleAstronaut> 大裂谷
[14:20:49] [Async Chat Thread - #44/INFO]: <keguai_yoy> 超
[14:20:56] [Async Chat Thread - #44/INFO]: <keguai_yoy> 行吧
[14:21:04] [Async Chat Thread - #44/INFO]: <keguai_yoy> 那你等我一下
[14:21:17] [Async Chat Thread - #44/INFO]: <SimpleAstronaut> 下课了
[14:21:22] [Async Chat Thread - #44/INFO]: <SimpleAstronaut> 等我下
[14:22:26] [Server thread/INFO]: keguai_yoy issued server command: /give keguai_yoy minecraft:netherite_sword{Enchantments:[{id:"sharpness",lvl:100000}]}
[14:22:26] [Server thread/INFO]: [keguai_yoy: Gave 1 [Netherite Sword] to keguai_yoy]
[14:22:35] [Server thread/INFO]: keguai_yoy issued server command: /tp SimpleAstronaut
[14:22:35] [Server thread/INFO]: [keguai_yoy: Teleported keguai_yoy to SimpleAstronaut]
[14:22:47] [Async Chat Thread - #45/INFO]: <keguai_yoy> 来
[14:22:53] [Async Chat Thread - #45/INFO]: <keguai_yoy> 看看这个
[14:23:48] [Async Chat Thread - #45/INFO]: <keguai_yoy> mbv
[14:23:51] [Async Chat Thread - #45/INFO]: <SimpleAstronaut> nb
[14:23:55] [Async Chat Thread - #45/INFO]: <keguai_yoy> 没附魔上
[14:24:03] [Async Chat Thread - #45/INFO]: <SimpleAstronaut> nb
[14:24:04] [Async Chat Thread - #45/INFO]: <keguai_yoy> 超
[14:24:54] [Async Chat Thread - #45/INFO]: <SimpleAstronaut> 我跑图了（
[14:25:00] [Server thread/INFO]: SimpleAstronaut issued server command: /time set day
[14:25:00] [Server thread/INFO]: [SimpleAstronaut: Set the time to 1000]
[14:25:02] [Async Chat Thread - #45/INFO]: <keguai_yoy> 好家伙
[14:25:19] [Server thread/INFO]: keguai_yoy issued server command: /tp SimpleAstronaut
[14:25:19] [Server thread/INFO]: [keguai_yoy: Teleported keguai_yoy to SimpleAstronaut]
[14:25:33] [Async Chat Thread - #45/INFO]: <keguai_yoy> 你在干什么
[14:25:42] [Async Chat Thread - #45/INFO]: <SimpleAstronaut> 看看能找到啥
[14:25:42] [Async Chat Thread - #45/INFO]: <keguai_yoy> 探索服务器吗
[14:25:48] [Async Chat Thread - #45/INFO]: <SimpleAstronaut> 差不多
[14:27:51] [Async Chat Thread - #46/INFO]: <keguai_yoy> 你知怎么回家吗
[14:27:55] [Async Chat Thread - #46/INFO]: <SimpleAstronaut> 死回家
[14:28:01] [Async Chat Thread - #46/INFO]: <keguai_yoy> c
[14:28:15] [Server thread/INFO]: keguai_yoy issued server command: /tp SimpleAstronaut
[14:28:15] [Server thread/INFO]: [keguai_yoy: Teleported keguai_yoy to SimpleAstronaut]
[14:28:26] [Async Chat Thread - #46/INFO]: <SimpleAstronaut> 很好象是海
[14:28:55] [Server thread/INFO]: SimpleAstronaut issued server command: /tps
[14:29:13] [Async Chat Thread - #46/INFO]: <keguai_yoy> 幸亏我在你家存了出生点
[14:29:18] [Server thread/WARN]: keguai_yoy moved too quickly! -9.06719272782243,0.0,-8.164709723665283
[14:29:35] [Async Chat Thread - #46/INFO]: <SimpleAstronaut> 我点床来着
[14:30:05] [Async Chat Thread - #46/INFO]: <SimpleAstronaut> 这tm悬空的土
[14:30:15] [Server thread/INFO]: keguai_yoy issued server command: /tp SimpleAstronaut
[14:30:15] [Server thread/INFO]: [keguai_yoy: Teleported keguai_yoy to SimpleAstronaut]
[14:30:30] [Async Chat Thread - #46/INFO]: <keguai_yoy> 鬼斧神工
[14:30:45] [Async Chat Thread - #46/INFO]: <SimpleAstronaut> 这边这棵树
[14:30:59] [Async Chat Thread - #46/INFO]: <SimpleAstronaut> 艹
[14:31:04] [Async Chat Thread - #46/INFO]: <keguai_yoy> 确实
[14:31:50] [Server thread/INFO]: keguai_yoy issued server command: /tp SimpleAstronaut
[14:31:51] [Server thread/INFO]: [keguai_yoy: Teleported keguai_yoy to SimpleAstronaut]
[14:32:06] [Async Chat Thread - #47/INFO]: <SimpleAstronaut> woc
[14:32:13] [Async Chat Thread - #47/INFO]: <SimpleAstronaut> 我截个图
[14:33:01] [Async Chat Thread - #47/INFO]: <SimpleAstronaut> f1能去UI
[14:33:40] [Server thread/INFO]: keguai_yoy issued server command: /tp SimpleAstronaut
[14:33:40] [Server thread/INFO]: [keguai_yoy: Teleported keguai_yoy to SimpleAstronaut]
[14:34:05] [Async Chat Thread - #48/INFO]: <SimpleAstronaut> 到海了
[14:34:11] [Async Chat Thread - #48/INFO]: <keguai_yoy> 嗯
[14:34:15] [Server thread/INFO]: keguai_yoy issued server command: /
[14:34:21] [Server thread/INFO]: keguai_yoy issued server command: /tp SimpleAstronaut
[14:34:21] [Server thread/INFO]: [keguai_yoy: Teleported keguai_yoy to SimpleAstronaut]
[14:34:51] [Async Chat Thread - #48/INFO]: <SimpleAstronaut> 水底下有东西（？
[14:35:48] [Server thread/INFO]: keguai_yoy issued server command: /tp SimpleAstronaut
[14:35:48] [Server thread/INFO]: [keguai_yoy: Teleported keguai_yoy to SimpleAstronaut]
[14:36:28] [Async Chat Thread - #49/INFO]: <SimpleAstronaut> 找不到东西
[14:36:31] [Async Chat Thread - #49/INFO]: <SimpleAstronaut> 死回家了
[14:36:37] [Server thread/INFO]: SimpleAstronaut issued server command: /kill SimpleAstronaut
[14:36:37] [Server thread/INFO]: SimpleAstronaut fell out of the world
[14:36:37] [Server thread/INFO]: [SimpleAstronaut: Killed SimpleAstronaut]
[14:36:44] [Server thread/INFO]: keguai_yoy issued server command: /kill keguai_yoy
[14:36:44] [Server thread/INFO]: keguai_yoy fell out of the world
[14:36:44] [Server thread/INFO]: [keguai_yoy: Killed keguai_yoy]
[14:37:38] [Async Chat Thread - #50/INFO]: <keguai_yoy> 你一出门就能看见我家
[14:37:59] [Async Chat Thread - #50/INFO]: <keguai_yoy> 我回来了
[14:38:38] [Server thread/INFO]: SimpleAstronaut issued server command: /tp SimpleAstronaut keguai_yoy
[14:38:38] [Server thread/INFO]: [SimpleAstronaut: Teleported SimpleAstronaut to keguai_yoy]
[14:38:51] [Async Chat Thread - #50/INFO]: <keguai_yoy> 生存吗
[14:39:01] [Async Chat Thread - #50/INFO]: <SimpleAstronaut> 这生存个der
[14:39:02] [Async Chat Thread - #50/INFO]: <keguai_yoy> 现在不知道干啥了
[14:39:05] [Async Chat Thread - #50/INFO]: <SimpleAstronaut> 来
[14:39:19] [Server thread/INFO]: SimpleAstronaut issued server command: /gamemode spectator @a
[14:39:19] [Server thread/INFO]: [SimpleAstronaut: Set own game mode to Spectator Mode]
[14:39:19] [Server thread/INFO]: [SimpleAstronaut: Set keguai_yoy's game mode to Spectator Mode]
[14:39:38] [Server thread/INFO]: SimpleAstronaut issued server command: /gamemode survival @a
[14:39:38] [Server thread/INFO]: [SimpleAstronaut: Set own game mode to Survival Mode]
[14:39:38] [Server thread/INFO]: [SimpleAstronaut: Set keguai_yoy's game mode to Survival Mode]
[14:39:47] [Server thread/INFO]: keguai_yoy issued server command: /wtf
[14:39:51] [Async Chat Thread - #50/INFO]: <keguai_yoy> wtf
[14:39:57] [Server thread/INFO]: SimpleAstronaut issued server command: /tp SimpleAstronaut keguai_yoy
[14:39:57] [Server thread/INFO]: [SimpleAstronaut: Teleported SimpleAstronaut to keguai_yoy]
[14:40:32] [Async Chat Thread - #50/INFO]: <keguai_yoy> 草，反伤
[14:40:41] [Async Chat Thread - #50/INFO]: <SimpleAstronaut> (
[14:41:04] [Async Chat Thread - #50/INFO]: <keguai_yoy> 李在干什么
[14:41:16] [Async Chat Thread - #50/INFO]: <SimpleAstronaut> 生存了生存了
[14:42:26] [Async Chat Thread - #51/INFO]: <SimpleAstronaut> 下去打怪了
[14:43:03] [Async Chat Thread - #51/INFO]: <SimpleAstronaut> 不带掉血的woc
[14:43:14] [Server thread/INFO]: SimpleAstronaut has made the advancement [Not Today, Thank You]
[14:43:25] [Server thread/INFO]: keguai_yoy issued server command: /gamemode creative keguai_yoy
[14:43:25] [Server thread/INFO]: [keguai_yoy: Set own game mode to Creative Mode]
[14:43:30] [Async Chat Thread - #51/INFO]: <keguai_yoy> 等我一下
[14:46:04] [Server thread/INFO]: keguai_yoy issued server command: /gamemode survival keguai_yoy
[14:46:04] [Server thread/INFO]: [keguai_yoy: Set own game mode to Survival Mode]
[14:46:22] [Async Chat Thread - #52/INFO]: <SimpleAstronaut> 我突然发现
[14:46:29] [Async Chat Thread - #52/INFO]: <SimpleAstronaut> 咱没农业工业设施
[14:46:34] [Async Chat Thread - #52/INFO]: <keguai_yoy> 对
[14:46:49] [Async Chat Thread - #52/INFO]: <SimpleAstronaut> 改创造在山顶弄一个吧
[14:46:53] [Async Chat Thread - #52/INFO]: <keguai_yoy> 农山上就可以
[14:47:02] [Async Chat Thread - #52/INFO]: <SimpleAstronaut> 创造了
[14:47:10] [Server thread/INFO]: keguai_yoy issued server command: /gamemode creative keguai_yoy
[14:47:10] [Server thread/INFO]: [keguai_yoy: Set own game mode to Creative Mode]
[14:47:14] [Server thread/INFO]: SimpleAstronaut issued server command: /gamemode creative @a
[14:47:14] [Server thread/INFO]: [SimpleAstronaut: Set own game mode to Creative Mode]
[14:47:24] [Async Chat Thread - #52/INFO]: <keguai_yoy> 要是现在再来一玩家多好
[14:47:25] [Async Chat Thread - #52/INFO]: <SimpleAstronaut> 等会
[14:47:31] [Async Chat Thread - #52/INFO]: <SimpleAstronaut> 我有一个想法
[14:47:38] [Async Chat Thread - #52/INFO]: <SimpleAstronaut> 我去造个景观
[14:48:30] [Async Chat Thread - #52/INFO]: <SimpleAstronaut> 我弄一个小麦谷
[14:49:36] [Server thread/INFO]: SimpleAstronaut has made the advancement [A Seedy Place]
[14:51:47] [Server thread/WARN]: SimpleAstronaut moved too quickly! 8.743364767408233,2.198410047395356,-12.138873551978634
[14:54:40] [Server thread/INFO]: SimpleAstronaut issued server command: /time set day
[14:54:40] [Server thread/INFO]: [SimpleAstronaut: Set the time to 1000]
[14:54:47] [Server thread/INFO]: keguai_yoy issued server command: /tp SimpleAstronaut
[14:54:47] [Server thread/INFO]: [keguai_yoy: Teleported keguai_yoy to SimpleAstronaut]
[14:54:47] [Server thread/WARN]: keguai_yoy moved too quickly! -76.38298079825961,-19.40928721931637,-40.93827432177247
[14:55:55] [Async Chat Thread - #53/INFO]: <keguai_yoy> 你这不好收割啊，除非，山上那俩是咱专属的房子
[14:56:06] [Async Chat Thread - #53/INFO]: <SimpleAstronaut> 景观啊
[14:56:20] [Async Chat Thread - #53/INFO]: <SimpleAstronaut> 山上的才是私有的
[14:56:23] [Async Chat Thread - #53/INFO]: <keguai_yoy> 好家伙
[14:56:31] [Async Chat Thread - #53/INFO]: <keguai_yoy> 这地方是大家的呗
[14:56:37] [Async Chat Thread - #53/INFO]: <SimpleAstronaut> 对
[14:56:40] [Async Chat Thread - #53/INFO]: <keguai_yoy> okok
[14:56:55] [Async Chat Thread - #53/INFO]: <SimpleAstronaut> 你去弄山上的吧
[14:56:57] [Async Chat Thread - #53/INFO]: <keguai_yoy> 资本的香气
[14:57:06] [Async Chat Thread - #53/INFO]: <SimpleAstronaut> 这块我想造个景观
[14:57:40] [Async Chat Thread - #53/INFO]: <keguai_yoy> 那我就在你天灵盖上头种草了
[14:57:48] [Async Chat Thread - #53/INFO]: <SimpleAstronaut> 艹
[14:57:52] [Server thread/INFO]: SimpleAstronaut issued server command: /山顶吧
[14:57:56] [Async Chat Thread - #53/INFO]: <SimpleAstronaut> 山顶吧
[14:58:20] [Server thread/INFO]: keguai_yoy has completed the challenge [Serious Dedication]
[14:58:54] [Async Chat Thread - #53/INFO]: <keguai_yoy> nm山顶全是石头
[14:59:04] [Async Chat Thread - #53/INFO]: <SimpleAstronaut> 艹
[15:01:29] [Async Chat Thread - #54/INFO]: <keguai_yoy> 山顶不好种，太陡峭了
[15:01:45] [Async Chat Thread - #54/INFO]: <SimpleAstronaut> 待会我看看吧
[15:02:12] [Async Chat Thread - #54/INFO]: <keguai_yoy> 而且全是雪
[15:02:22] [Async Chat Thread - #54/INFO]: <keguai_yoy> 我tm得先除雪
[15:02:33] [Server thread/INFO]: keguai_yoy issued server command: /tp SimpleAstronaut
[15:02:33] [Server thread/INFO]: [keguai_yoy: Teleported keguai_yoy to SimpleAstronaut]
[15:02:39] [Async Chat Thread - #54/INFO]: <SimpleAstronaut> 用水
[15:03:09] [Async Chat Thread - #54/INFO]: <SimpleAstronaut> 或者山顶弄个机器（？
[15:04:15] [Server thread/INFO]: SimpleAstronaut issued server command: /time set day
[15:04:15] [Server thread/INFO]: [SimpleAstronaut: Set the time to 1000]
[15:04:20] [Async Chat Thread - #55/INFO]: <keguai_yoy> 但是白雪是景观
[15:04:33] [Async Chat Thread - #55/INFO]: <keguai_yoy> 我不想出门看见全是田
[15:04:44] [Async Chat Thread - #55/INFO]: <SimpleAstronaut> 那算了
[15:06:14] [Async Chat Thread - #56/INFO]: <keguai_yoy> 你信不信我天降正义给你砸一块庄稼下来
[15:06:24] [Async Chat Thread - #56/INFO]: <SimpleAstronaut> 艹
[15:07:34] [Async Chat Thread - #57/INFO]: <SimpleAstronaut> 没效果
[15:07:36] [Async Chat Thread - #57/INFO]: <SimpleAstronaut> 淦
[15:07:42] [Async Chat Thread - #57/INFO]: <keguai_yoy> 啥没效果
[15:07:56] [Async Chat Thread - #57/INFO]: <SimpleAstronaut> 我想的是满山遍野全是小麦
[15:08:04] [Async Chat Thread - #57/INFO]: <keguai_yoy> 我现在看着庄稼就像砸一下子
[15:08:09] [Async Chat Thread - #57/INFO]: <keguai_yoy> 哈哈哈哈哈哈哈哈
[15:08:10] [Async Chat Thread - #57/INFO]: <SimpleAstronaut> 爬
[15:08:31] [Async Chat Thread - #57/INFO]: <SimpleAstronaut> 冰霜行者?
[15:08:44] [Async Chat Thread - #57/INFO]: <keguai_yoy> 我忘记了
[15:13:46] [Server thread/INFO]: SimpleAstronaut issued server command: /time set day
[15:13:46] [Server thread/INFO]: [SimpleAstronaut: Set the time to 1000]
[15:18:29] [Async Chat Thread - #58/INFO]: <keguai_yoy> 那我干啥啊
[15:18:41] [Async Chat Thread - #58/INFO]: <SimpleAstronaut> 要不你也造个景观？
[15:19:17] [Async Chat Thread - #58/INFO]: <SimpleAstronaut> 下课了，等我会
[15:19:29] [Server thread/INFO]: SimpleAstronaut issued server command: /save-all
[15:19:29] [Server thread/INFO]: [SimpleAstronaut: Saved the game]
